[debug] [2026-05-16T22:47:09.230Z] ----------------------------------------------------------------------
[debug] [2026-05-16T22:47:09.232Z] Command:       /Users/yawneazy/.nvm/versions/node/v18.20.8/bin/node /Users/yawneazy/.nvm/versions/node/v18.20.8/bin/firebase deploy
[debug] [2026-05-16T22:47:09.233Z] CLI Version:   13.35.1
[debug] [2026-05-16T22:47:09.233Z] Platform:      darwin
[debug] [2026-05-16T22:47:09.233Z] Node Version:  v18.20.8
[debug] [2026-05-16T22:47:09.234Z] Time:          Sat May 16 2026 15:47:09 GMT-0700 (Mountain Standard Time)
[debug] [2026-05-16T22:47:09.234Z] ----------------------------------------------------------------------
[debug] 
[debug] [2026-05-16T22:47:09.411Z] > command requires scopes: ["email","openid","https://www.googleapis.com/auth/cloudplatformprojects.readonly","https://www.googleapis.com/auth/firebase","https://www.googleapis.com/auth/cloud-platform"]
[debug] [2026-05-16T22:47:09.412Z] > authorizing via signed-in user (alyssa.kyanez1@gmail.com)
[debug] [2026-05-16T22:47:09.412Z] [iam] checking project aly-olson for permissions ["firebase.projects.get","firebasehosting.sites.update"]
[debug] [2026-05-16T22:47:09.413Z] Checked if tokens are valid: true, expires at: 1778973345833
[debug] [2026-05-16T22:47:09.413Z] Checked if tokens are valid: true, expires at: 1778973345833
[debug] [2026-05-16T22:47:09.414Z] >>> [apiv2][query] POST https://cloudresourcemanager.googleapis.com/v1/projects/aly-olson:testIamPermissions [none]
[debug] [2026-05-16T22:47:09.414Z] >>> [apiv2][(partial)header] POST https://cloudresourcemanager.googleapis.com/v1/projects/aly-olson:testIamPermissions x-goog-quota-user=projects/aly-olson
[debug] [2026-05-16T22:47:09.414Z] >>> [apiv2][body] POST https://cloudresourcemanager.googleapis.com/v1/projects/aly-olson:testIamPermissions {"permissions":["firebase.projects.get","firebasehosting.sites.update"]}
[debug] [2026-05-16T22:47:09.869Z] <<< [apiv2][status] POST https://cloudresourcemanager.googleapis.com/v1/projects/aly-olson:testIamPermissions 200
[debug] [2026-05-16T22:47:09.869Z] <<< [apiv2][body] POST https://cloudresourcemanager.googleapis.com/v1/projects/aly-olson:testIamPermissions {"permissions":["firebase.projects.get","firebasehosting.sites.update"]}
[debug] [2026-05-16T22:47:09.870Z] Checked if tokens are valid: true, expires at: 1778973345833
[debug] [2026-05-16T22:47:09.870Z] Checked if tokens are valid: true, expires at: 1778973345833
[debug] [2026-05-16T22:47:09.871Z] >>> [apiv2][query] GET https://firebase.googleapis.com/v1beta1/projects/aly-olson [none]
[debug] [2026-05-16T22:47:10.155Z] <<< [apiv2][status] GET https://firebase.googleapis.com/v1beta1/projects/aly-olson 200
[debug] [2026-05-16T22:47:10.156Z] <<< [apiv2][body] GET https://firebase.googleapis.com/v1beta1/projects/aly-olson {"projectId":"aly-olson","projectNumber":"193791800801","displayName":"aly-olson","name":"projects/aly-olson","resources":{"hostingSite":"aly-olson"},"state":"ACTIVE","etag":"1_d8c91ac0-42c1-459a-9c5e-4ff1a0f26b80"}
[info] 
[info] === Deploying to 'aly-olson'...
[info] 
[info] i  deploying hosting 
[debug] [2026-05-16T22:47:10.161Z] Checked if tokens are valid: true, expires at: 1778973345833
[debug] [2026-05-16T22:47:10.161Z] Checked if tokens are valid: true, expires at: 1778973345833
[debug] [2026-05-16T22:47:10.161Z] >>> [apiv2][query] POST https://firebasehosting.googleapis.com/v1beta1/projects/-/sites/aly-olson/versions [none]
[debug] [2026-05-16T22:47:10.162Z] >>> [apiv2][body] POST https://firebasehosting.googleapis.com/v1beta1/projects/-/sites/aly-olson/versions {"status":"CREATED","labels":{"deployment-tool":"cli-firebase"}}
[debug] [2026-05-16T22:47:11.326Z] <<< [apiv2][status] POST https://firebasehosting.googleapis.com/v1beta1/projects/-/sites/aly-olson/versions 200
[debug] [2026-05-16T22:47:11.326Z] <<< [apiv2][body] POST https://firebasehosting.googleapis.com/v1beta1/projects/-/sites/aly-olson/versions {"name":"projects/193791800801/sites/aly-olson/versions/d87b8f83ce90b551","status":"CREATED","config":{},"labels":{"deployment-tool":"cli-firebase"}}
[info] i  hosting[aly-olson]: beginning deploy... 
[info] i  hosting[aly-olson]: found 25 files in build 
[debug] [2026-05-16T22:47:11.348Z] [hosting] uploading with 200 concurrency
[debug] [2026-05-16T22:47:11.780Z] Checked if tokens are valid: true, expires at: 1778973345833
[debug] [2026-05-16T22:47:11.780Z] Checked if tokens are valid: true, expires at: 1778973345833
[debug] [2026-05-16T22:47:11.781Z] [hosting] hash cache [YnVpbGQ] stored for 25 files
[debug] [2026-05-16T22:47:11.781Z] [hosting][hash queue][FINAL] {"max":424,"min":16,"avg":61.28,"active":0,"complete":25,"success":25,"errored":0,"retried":0,"total":25,"elapsed":429}
[debug] [2026-05-16T22:47:11.781Z] >>> [apiv2][query] POST https://firebasehosting.googleapis.com/v1beta1/projects/193791800801/sites/aly-olson/versions/d87b8f83ce90b551:populateFiles [none]
[debug] [2026-05-16T22:47:11.782Z] >>> [apiv2][body] POST https://firebasehosting.googleapis.com/v1beta1/projects/193791800801/sites/aly-olson/versions/d87b8f83ce90b551:populateFiles {"files":{"/robots.txt":"391d14b3c2f8c9143a27a28c7399585142228d4d1bdbe2c87ac946de411fa9a2","/manifest.json":"4e1d3adad9ce7e17c0d13fac197f1c27091906f4ecf3909c9f51247bff345118","/index.html":"cdef39ec87ba43e5e91129c37f1c21ed94a19de5789782abdadc7c39feff43e4","/404.html":"b6abfbdc894d37c260154e281499dc6415bb6ad76b32f01ef94dee93aa897ac4","/asset-manifest.json":"13e016b7ac55c09db01ec3facdab1fd7d57bb11742992c083c1bca2b4399a6f3","/static/js/main.0b81ed26.js.LICENSE.txt":"0d54f9b859b285fe9eeb4c256630383221f0f2b4be97b1d37c7fc1ec05c7c768","/static/js/453.57329c18.chunk.js":"87d2f6989ad254d1142ded4bf454c2a85592dd3fde258f6a9be666265382ddad","/static/js/453.57329c18.chunk.js.map":"61bead5ce89fd469be8a5c0e656f61b94563fb964c7b2c7648dbda89f3b6af50","/static/css/main.115c5b53.css":"107d5512a488c60f87dc4f4de1e849fc673d1a1afa0ac05f30c1085e924f1843","/static/css/main.115c5b53.css.map":"83b9a0eac12785df94a048c7b313c9f25564bb66587f4b9655b819ab11fc2d06","/static/media/digital-art-profile-pic.f553e4392417143f12e3.jpg":"24add1367d39cb19d959476a409f9626d1291d121be15cdd82bd099f8743781b","/docs/A.Olson_Resume.pdf":"07716d331b1066ecbe61d020b3a987c4032e93bf1321bd8bd7496c2efdeee225","/static/media/valencia-logo.27a85e9e06d950008318.jpg":"c29fd31b442d4d42cf0a6fc18b3e19f0abfd127648b9ee5863a572cdb85fb12d","/static/media/vgs-logo.34a236f10af8d1d70d36.png":"5af9bfd631de3ca0d48f3c2fe52cd62823b6b12a4395c24aa8bd4608fe9d3868","/static/js/main.0b81ed26.js":"3ab762173b2d3724b5d9826cb3973dc58300ec3f0c1d6179c878acbd5432811b","/static/media/homepic.eec01941841ee081da2d.jpg":"7a2bb3f3f7a4f5d519f6845ab0a25974984b12b3de4adb0fe735a9c5354334fd","/static/media/yawneazy-site.1577d94a0a41003392e7.JPG":"51df68bfb502f81b30c5292f3f94a3f06a17df6619f647b5fe0b88cf33bb17d0","/docs/A.Olson_eDiploma.pdf":"d2f80fcba86c5d5c31741d8a348c001035f9e2cdb3071d1a55d9bc0ded8d9304","/static/media/piano.0ba59a3ee22f4f73c3ee.jpg":"4e04b68bc4cabe1ad29e409ab5c1450fc30a01a0a84f1d7c90c6a6231a05a800","/docs/Yanez_eDiploma.png":"f5031cf226fa2de28de45ae81f184386eb8b08f6e1142bb1b280a9a6d2f9ca1b","/static/media/flowers-painting.b278149d3a2192fbbcaf.jpeg":"e2eac63d29b4a8f88b1adfc94d899259cad2e293a23e53e6d3383f147d5a750a","/static/media/performing.8fcb5c7dd839fa25dc80.jpeg":"702806c93ccd53b7817e6ee1b3fd5789e67c2610dbc548787038ae365a04c357","/static/media/cactus-painting.e7f09b0c5b9eb043f9dd.png":"305d840df8e73a6c6990594a19384baa07503806666db022cf9139fd93e1525e","/static/media/me_&_El.2c39877d8a46c3f1038c.jpeg":"d7884c2936fb3fa44f546ba8324dcfe868fe866a1040f3c8796d04fcd57117d8","/static/js/main.0b81ed26.js.map":"2aeef2a23b1411669f02f3bff7bf6fabef1588ba6f752d9263b4a990cd356727"}}
[debug] [2026-05-16T22:47:12.837Z] <<< [apiv2][status] POST https://firebasehosting.googleapis.com/v1beta1/projects/193791800801/sites/aly-olson/versions/d87b8f83ce90b551:populateFiles 200
[debug] [2026-05-16T22:47:12.837Z] <<< [apiv2][body] POST https://firebasehosting.googleapis.com/v1beta1/projects/193791800801/sites/aly-olson/versions/d87b8f83ce90b551:populateFiles {"uploadRequiredHashes":["2aeef2a23b1411669f02f3bff7bf6fabef1588ba6f752d9263b4a990cd356727","3ab762173b2d3724b5d9826cb3973dc58300ec3f0c1d6179c878acbd5432811b","cdef39ec87ba43e5e91129c37f1c21ed94a19de5789782abdadc7c39feff43e4","13e016b7ac55c09db01ec3facdab1fd7d57bb11742992c083c1bca2b4399a6f3"],"uploadUrl":"https://upload-firebasehosting.googleapis.com/upload/sites/aly-olson/versions/d87b8f83ce90b551/files"}
[debug] [2026-05-16T22:47:12.838Z] Checked if tokens are valid: true, expires at: 1778973345833
[debug] [2026-05-16T22:47:12.838Z] Checked if tokens are valid: true, expires at: 1778973345833
[debug] [2026-05-16T22:47:12.838Z] Checked if tokens are valid: true, expires at: 1778973345833
[debug] [2026-05-16T22:47:12.838Z] Checked if tokens are valid: true, expires at: 1778973345833
[debug] [2026-05-16T22:47:12.838Z] Checked if tokens are valid: true, expires at: 1778973345833
[debug] [2026-05-16T22:47:12.838Z] Checked if tokens are valid: true, expires at: 1778973345833
[debug] [2026-05-16T22:47:12.839Z] Checked if tokens are valid: true, expires at: 1778973345833
[debug] [2026-05-16T22:47:12.839Z] Checked if tokens are valid: true, expires at: 1778973345833
[debug] [2026-05-16T22:47:12.839Z] >>> [apiv2][query] POST https://upload-firebasehosting.googleapis.com/upload/sites/aly-olson/versions/d87b8f83ce90b551/files/2aeef2a23b1411669f02f3bff7bf6fabef1588ba6f752d9263b4a990cd356727 [none]
[debug] [2026-05-16T22:47:12.839Z] >>> [apiv2][body] POST https://upload-firebasehosting.googleapis.com/upload/sites/aly-olson/versions/d87b8f83ce90b551/files/2aeef2a23b1411669f02f3bff7bf6fabef1588ba6f752d9263b4a990cd356727 [stream]
[debug] [2026-05-16T22:47:12.840Z] >>> [apiv2][query] POST https://upload-firebasehosting.googleapis.com/upload/sites/aly-olson/versions/d87b8f83ce90b551/files/3ab762173b2d3724b5d9826cb3973dc58300ec3f0c1d6179c878acbd5432811b [none]
[debug] [2026-05-16T22:47:12.840Z] >>> [apiv2][body] POST https://upload-firebasehosting.googleapis.com/upload/sites/aly-olson/versions/d87b8f83ce90b551/files/3ab762173b2d3724b5d9826cb3973dc58300ec3f0c1d6179c878acbd5432811b [stream]
[debug] [2026-05-16T22:47:12.841Z] >>> [apiv2][query] POST https://upload-firebasehosting.googleapis.com/upload/sites/aly-olson/versions/d87b8f83ce90b551/files/cdef39ec87ba43e5e91129c37f1c21ed94a19de5789782abdadc7c39feff43e4 [none]
[debug] [2026-05-16T22:47:12.841Z] >>> [apiv2][body] POST https://upload-firebasehosting.googleapis.com/upload/sites/aly-olson/versions/d87b8f83ce90b551/files/cdef39ec87ba43e5e91129c37f1c21ed94a19de5789782abdadc7c39feff43e4 [stream]
[debug] [2026-05-16T22:47:12.842Z] >>> [apiv2][query] POST https://upload-firebasehosting.googleapis.com/upload/sites/aly-olson/versions/d87b8f83ce90b551/files/13e016b7ac55c09db01ec3facdab1fd7d57bb11742992c083c1bca2b4399a6f3 [none]
[debug] [2026-05-16T22:47:12.842Z] >>> [apiv2][body] POST https://upload-firebasehosting.googleapis.com/upload/sites/aly-olson/versions/d87b8f83ce90b551/files/13e016b7ac55c09db01ec3facdab1fd7d57bb11742992c083c1bca2b4399a6f3 [stream]
[debug] [2026-05-16T22:47:12.844Z] [hosting][populate queue][FINAL] {"max":1059,"min":1059,"avg":1059,"active":0,"complete":1,"success":1,"errored":0,"retried":0,"total":1,"elapsed":1064}
[debug] [2026-05-16T22:47:12.844Z] [hosting] uploads queued: 4
[debug] [2026-05-16T22:47:13.742Z] <<< [apiv2][status] POST https://upload-firebasehosting.googleapis.com/upload/sites/aly-olson/versions/d87b8f83ce90b551/files/13e016b7ac55c09db01ec3facdab1fd7d57bb11742992c083c1bca2b4399a6f3 200
[debug] [2026-05-16T22:47:13.742Z] <<< [apiv2][body] POST https://upload-firebasehosting.googleapis.com/upload/sites/aly-olson/versions/d87b8f83ce90b551/files/13e016b7ac55c09db01ec3facdab1fd7d57bb11742992c083c1bca2b4399a6f3 [stream]
[debug] [2026-05-16T22:47:13.891Z] <<< [apiv2][status] POST https://upload-firebasehosting.googleapis.com/upload/sites/aly-olson/versions/d87b8f83ce90b551/files/3ab762173b2d3724b5d9826cb3973dc58300ec3f0c1d6179c878acbd5432811b 200
[debug] [2026-05-16T22:47:13.891Z] <<< [apiv2][body] POST https://upload-firebasehosting.googleapis.com/upload/sites/aly-olson/versions/d87b8f83ce90b551/files/3ab762173b2d3724b5d9826cb3973dc58300ec3f0c1d6179c878acbd5432811b [stream]
[debug] [2026-05-16T22:47:13.892Z] <<< [apiv2][status] POST https://upload-firebasehosting.googleapis.com/upload/sites/aly-olson/versions/d87b8f83ce90b551/files/cdef39ec87ba43e5e91129c37f1c21ed94a19de5789782abdadc7c39feff43e4 200
[debug] [2026-05-16T22:47:13.892Z] <<< [apiv2][body] POST https://upload-firebasehosting.googleapis.com/upload/sites/aly-olson/versions/d87b8f83ce90b551/files/cdef39ec87ba43e5e91129c37f1c21ed94a19de5789782abdadc7c39feff43e4 [stream]
